make all --print-data-base --no-builtin-variables --no-builtin-rules --question
# GNU Make 3.81
# Copyright (C) 2006  Free Software Foundation, Inc.
# This is free software; see the source for copying conditions.
# There is NO warranty; not even for MERCHANTABILITY or FITNESS FOR A
# PARTICULAR PURPOSE.
 

# This program built for i386-apple-darwin11.3.0
 

# Make data base, printed on Wed Jun 22 21:16:07 2022

# Variables

# automatic
<D = $(patsubst %/,%,$(dir $<))
# automatic
?F = $(notdir $?)
# environment
VSCODE_LOG_NATIVE = false
# automatic
?D = $(patsubst %/,%,$(dir $?))
# automatic
@D = $(patsubst %/,%,$(dir $@))
# automatic
@F = $(notdir $@)
# makefile
CURDIR := /Users/artur/Documents/School 21/philo
# makefile
SHELL = /bin/sh
# makefile (from `Makefile', line 26)
RM = rm
# environment
VSCODE_NLS_CONFIG = {"locale":"ru","availableLanguages":{"*":"ru"},"_languagePackId":"6c87e287770fa80b3245e0a037b935fb.ru","_translationsConfigFile":"/Users/artur/Library/Application Support/Code/clp/6c87e287770fa80b3245e0a037b935fb.ru/tcf.json","_cacheRoot":"/Users/artur/Library/Application Support/Code/clp/6c87e287770fa80b3245e0a037b935fb.ru","_resolvedLanguagePackCoreLocation":"/Users/artur/Library/Application Support/Code/clp/6c87e287770fa80b3245e0a037b935fb.ru/c3511e6c69bb39013c4a4b7b9566ec1ca73fc4d5","_corruptedFile":"/Users/artur/Library/Application Support/Code/clp/6c87e287770fa80b3245e0a037b935fb.ru/corrupted.info","_languagePackSupport":true}
# environment
_ = /usr/bin/make
# makefile (from `Makefile', line 27)
RMFLAGS = -rf
# makefile (from `Makefile', line 1)
MAKEFILE_LIST :=  Makefile
# makefile (from `Makefile', line 17)
OBJ_DIR = ./objects
# environment
VSCODE_VERBOSE_LOGGING = true
# environment
__CFBundleIdentifier = com.microsoft.VSCode
# environment
VSCODE_IPC_HOOK_EXTHOST = /var/folders/x9/1bwcjqp56sd89d06qhqnsnvr0000gn/T/vscode-ipc-0689e71b-6c80-42d8-af33-ea6483aac823.sock
# environment
VSCODE_CWD = /
# environment
PATH = /Users/artur/Library/Python/3.8/bin:/usr/local/bin:/usr/bin:/bin:/usr/sbin:/sbin:/Library/Apple/usr/bin
# environment
LSCOLORS = Gxfxcxdxbxegedabagacad
# environment
VSCODE_LOG_STACK = false
# environment
ELECTRON_RUN_AS_NODE = 1
# default
.FEATURES := target-specific order-only second-expansion else-if archives jobserver check-symlink
# environment
SSH_AUTH_SOCK = /private/tmp/com.apple.launchd.3PFdx1mJ5S/Listeners
# automatic
%F = $(notdir $%)
# environment
VSCODE_PIPE_LOGGING = true
# makefile (from `Makefile', line 22)
OBJS = $(addprefix $(OBJ_DIR)/, $(notdir $(SRCS:.c=.o)))
# environment
PWD = /Users/artur/Documents/School 21/philo
# environment
ORIGINAL_XDG_CURRENT_DESKTOP = undefined
# makefile (from `Makefile', line 15)
INC_DIR = ./includes
# environment
VSCODE_AMD_ENTRYPOINT = vs/workbench/api/node/extensionHostProcess
# environment
HOME = /Users/artur
# default
MAKEFILEPATH = $(shell /usr/bin/xcode-select -print-path 2>/dev/null || echo /Developer)/Makefiles
# environment
VSCODE_CODE_CACHE_PATH = /Users/artur/Library/Application Support/Code/CachedData/c3511e6c69bb39013c4a4b7b9566ec1ca73fc4d5
# environment
LOGNAME = artur
# environment
APPLICATION_INSIGHTS_NO_DIAGNOSTIC_CHANNEL = 1
# makefile (from `Makefile', line 19)
HEADERS = $(wildcard $(INC_DIR)/*.h)
# environment
ZSH = /Users/artur/.oh-my-zsh
# makefile (from `Makefile', line 25)
CFLAG = -Wall -Werror -Wextra -fsanitize=thread
# environment
VSCODE_HANDLES_UNCAUGHT_ERRORS = true
# automatic
^D = $(patsubst %/,%,$(dir $^))
# environment
XPC_FLAGS = 0x0
# default
MAKE = $(MAKE_COMMAND)
# default
MAKECMDGOALS := all
# makefile (from `Makefile', line 20)
SRCS = $(wildcard $(SRC_DIR)/*.c)
# environment
SHLVL = 1
# makefile (from `Makefile', line 24)
CC = gcc
# default
MAKE_VERSION := 3.81
# environment
USER = artur
# makefile
.DEFAULT_GOAL := philo
# makefile (from `Makefile', line 13)
NAME = philo
# environment
LESS = -R
# automatic
%D = $(patsubst %/,%,$(dir $%))
# default
MAKE_COMMAND := /Library/Developer/CommandLineTools/usr/bin/make
# default
.VARIABLES := 
# environment
TMPDIR = /var/folders/x9/1bwcjqp56sd89d06qhqnsnvr0000gn/T/
# automatic
*F = $(notdir $*)
# environment
VSCODE_IPC_HOOK = /Users/artur/Library/Application Support/Code/1.67.2-main.sock
# makefile
MAKEFLAGS = Rrqp
# environment
MFLAGS = -Rrqp
# automatic
*D = $(patsubst %/,%,$(dir $*))
# environment
XPC_SERVICE_NAME = application.com.microsoft.VSCode.12216984.12216990
# automatic
+D = $(patsubst %/,%,$(dir $+))
# automatic
+F = $(notdir $+)
# environment
__CF_USER_TEXT_ENCODING = 0x1F5:0x7:0x31
# environment
COMMAND_MODE = unix2003
# default
MAKEFILES := 
# makefile (from `Makefile', line 16)
SRC_DIR = ./sources
# automatic
<F = $(notdir $<)
# environment
PAGER = less
# environment
LC_ALL = C
# automatic
^F = $(notdir $^)
# default
SUFFIXES := 
# default
.INCLUDE_DIRS = /usr/local/include
# environment
MAKELEVEL := 0
# environment
LANG = C
# environment
VSCODE_PID = 49561
# variable set hash-table stats:
# Load=77/1024=8%, Rehash=0, Collisions=6/118=5%

# Pattern-specific Variable Values

# No pattern-specific variable values.

# Directories

# includes (device 16777231, inode 11788538): 3 files, no impossibilities.
# . (device 16777231, inode 11790527): 8 files, no impossibilities.
# ./includes (device 16777231, inode 11788538): 3 files, no impossibilities.
# ./sources (device 16777231, inode 11788511): 7 files, no impossibilities.

# 21 files, no impossibilities in 4 directories.

# Implicit Rules

objects/%.o: %.c ./includes/philosophers.h ./objects
#  commands to execute (from `Makefile', line 43):
	$(CC) $(CFLAGS) -I $(INC_DIR)  -c $< -o $@
	

# 1 implicit rules, 0 (0.0%) terminal.

# Files

PHONY: all clean fclean re
#  Implicit rule search has not been done.
#  Modification time never checked.
#  File has not been updated.

objects/action_philosophers.o: ./sources/action_philosophers.c includes/philosophers.h objects
#  Implicit rule search has been done.
#  Implicit/static pattern stem: `action_philosophers'
#  File does not exist.
#  File has been updated.
#  Needs to be updated (-q is set).
# variable set hash-table stats:
# Load=0/32=0%, Rehash=0, Collisions=0/3=0%
#  commands to execute (from `Makefile', line 43):
	$(CC) $(CFLAGS) -I $(INC_DIR)  -c $< -o $@
	

objects:
#  Implicit rule search has not been done.
#  Implicit/static pattern stem: `'
#  File does not exist.
#  File has been updated.
#  Needs to be updated (-q is set).
# automatic
# @ := objects
# automatic
# % := 
# automatic
# * := 
# automatic
# + := 
# automatic
# | := 
# automatic
# < := 
# automatic
# ^ := 
# automatic
# ? := 
# variable set hash-table stats:
# Load=8/32=25%, Rehash=0, Collisions=1/11=9%
#  commands to execute (from `Makefile', line 40):
	@mkdir $(OBJ_DIR)
	

all: philo
#  Command-line target.
#  Implicit rule search has been done.
#  File does not exist.
#  File has been updated.
#  Needs to be updated (-q is set).
# variable set hash-table stats:
# Load=0/32=0%, Rehash=0, Collisions=0/3=0%

philo: includes/philosophers.h objects/action_philosophers.o objects/init_philo.o objects/monitor.o objects/philo_utils.o objects/philosophers.o
#  Implicit rule search has not been done.
#  File does not exist.
#  File has been updated.
#  Needs to be updated (-q is set).
# variable set hash-table stats:
# Load=0/32=0%, Rehash=0, Collisions=0/3=0%
#  commands to execute (from `Makefile', line 32):
	$(CC) $(CFLAG) -I $(INC_DIR) $(OBJS) -o $(NAME)
	@printf "🧶 Successfully Created $@!\n"
	

# Not a target:
includes/philosophers.h:
#  Implicit rule search has been done.
#  Last modified 2022-06-16 19:48:08
#  File has been updated.
#  Successfully updated.
# variable set hash-table stats:
# Load=0/32=0%, Rehash=0, Collisions=0/0=0%

# Not a target:
objects/monitor.o:
#  Implicit rule search has not been done.
#  Modification time never checked.
#  File has not been updated.

# Not a target:
.SUFFIXES:
#  Implicit rule search has not been done.
#  Modification time never checked.
#  File has not been updated.

# Not a target:
Makefile:
#  Implicit rule search has been done.
#  Last modified 2022-05-09 13:43:46
#  File has been updated.
#  Successfully updated.
# variable set hash-table stats:
# Load=0/32=0%, Rehash=0, Collisions=0/0=0%

# Not a target:
objects/init_philo.o:
#  Implicit rule search has not been done.
#  Modification time never checked.
#  File has not been updated.

fclean: clean
#  Implicit rule search has not been done.
#  Modification time never checked.
#  File has not been updated.
 
#  commands to execute (from `Makefile', line 49):
	@$(RM) $(RMFLAGS) $(NAME)
	@printf "🧹 Cleaning $(NAME)\n"
	

# Not a target:
./sources/action_philosophers.c:
#  Implicit rule search has been done.
#  Last modified 2022-06-16 20:30:27
#  File has been updated.
#  Successfully updated.
# variable set hash-table stats:
# Load=0/32=0%, Rehash=0, Collisions=0/0=0%

# Not a target:
.DEFAULT:
#  Implicit rule search has not been done.
#  Modification time never checked.
#  File has not been updated.

# Not a target:
objects/philosophers.o:
#  Implicit rule search has not been done.
#  Modification time never checked.
#  File has not been updated.

re: fclean all
#  Implicit rule search has not been done.
#  Modification time never checked.
#  File has not been updated.

clean:
#  Implicit rule search has not been done.
#  Modification time never checked.
#  File has not been updated.
#  commands to execute (from `Makefile', line 46):
	@$(RM) $(RMFLAGS) $(OBJ_DIR)
	

# Not a target:
objects/philo_utils.o:
#  Implicit rule search has not been done.
#  Modification time never checked.
#  File has not been updated.

# files hash-table stats:
# Load=17/1024=2%, Rehash=0, Collisions=0/58=0%
# VPATH Search Paths

vpath %.c ./sources

# 1 `vpath' search paths.

# No general (`VPATH' variable) search path.

# # of strings in strcache: 1
# # of strcache buffers: 1
# strcache size: total = 4096 / max = 4096 / min = 4096 / avg = 4096
# strcache free: total = 4087 / max = 4087 / min = 4087 / avg = 4087

# Finished Make data base on Wed Jun 22 21:16:07 2022

 
